<?xml version="1.0" encoding="UTF-8"?>
<testng-results skipped="0" failed="0" ignored="0" total="1" passed="1">
  <reporter-output>
  </reporter-output>
  <suite name="Default suite" duration-ms="4292" started-at="2022-05-30T22:48:23 IST" finished-at="2022-05-30T22:48:28 IST">
    <groups>
    </groups>
    <test name="Default test" duration-ms="4292" started-at="2022-05-30T22:48:23 IST" finished-at="2022-05-30T22:48:28 IST">
      <class name="SerializatnPractice.AddPlace">
        <test-method status="PASS" signature="addplace()[pri:0, instance:SerializatnPractice.AddPlace@6f195bc3]" name="addplace" duration-ms="4227" started-at="2022-05-30T22:48:23 IST" finished-at="2022-05-30T22:48:28 IST">
          <reporter-output>
          </reporter-output>
        </test-method> <!-- addplace -->
      </class> <!-- SerializatnPractice.AddPlace -->
    </test> <!-- Default test -->
  </suite> <!-- Default suite -->
</testng-results>
